2024-11-02 22:01:44,844 - INFO - Function started
2024-11-02 22:01:44,844 - ERROR - An error occured
2024-11-02 22:01:52,726 - INFO - Function started
2024-11-02 22:01:52,726 - ERROR - An error occured
2024-11-02 22:01:53,282 - INFO - Function started
2024-11-02 22:01:53,282 - ERROR - An error occured
2024-11-02 22:01:53,820 - INFO - Function started
2024-11-02 22:01:53,820 - ERROR - An error occured
11/02/2024 10:02:21 PM - INFO - Function started
11/02/2024 10:02:21 PM - ERROR - An error occured
11/02/2024 10:02:24 PM - INFO - Function started
11/02/2024 10:02:24 PM - ERROR - An error occured
11/02/2024 10:02:24 PM - INFO - Function started
11/02/2024 10:02:24 PM - ERROR - An error occured
11/02/2024 10:02:25 PM - INFO - Function started
11/02/2024 10:02:25 PM - ERROR - An error occured
11/02/2024 10:02:26 PM - INFO - Function started
11/02/2024 10:02:26 PM - ERROR - An error occured
11/02/2024 10:07:29 PM: INFO: error_function Line:25 Function started
11/02/2024 10:07:29 PM: ERROR: error_function Line:28 An error occured
